<?xml version="1.0" encoding="UTF-8"?>
<testsuite xmlns:xsi="http://www.w3.org/2001/XMLSchema-instance" xsi:noNamespaceSchemaLocation="https://maven.apache.org/surefire/maven-surefire-plugin/xsd/surefire-test-report.xsd" name="TestSuite" time="14.879" tests="1" errors="0" skipped="0" failures="1">
  <properties>
    <property name="awt.toolkit" value="sun.awt.X11.XToolkit"/>
    <property name="file.encoding.pkg" value="sun.io"/>
    <property name="java.specification.version" value="1.8"/>
    <property name="webdriver.chrome.driver" value="/home/sanket/Documents/Workspace/briozing/github/aspen-ui-automation/src/test/resources/chromedriver"/>
    <property name="sun.cpu.isalist" value=""/>
    <property name="sun.jnu.encoding" value="UTF-8"/>
    <property name="java.class.path" value="/home/sanket/Documents/Workspace/briozing/github/aspen-ui-automation/target/test-classes:/home/sanket/Documents/Workspace/briozing/github/aspen-ui-automation/target/classes:/home/sanket/.m2/repository/org/seleniumhq/selenium/selenium-java/3.9.1/selenium-java-3.9.1.jar:/home/sanket/.m2/repository/org/seleniumhq/selenium/selenium-api/3.9.1/selenium-api-3.9.1.jar:/home/sanket/.m2/repository/org/seleniumhq/selenium/selenium-chrome-driver/3.9.1/selenium-chrome-driver-3.9.1.jar:/home/sanket/.m2/repository/org/seleniumhq/selenium/selenium-edge-driver/3.9.1/selenium-edge-driver-3.9.1.jar:/home/sanket/.m2/repository/org/seleniumhq/selenium/selenium-firefox-driver/3.9.1/selenium-firefox-driver-3.9.1.jar:/home/sanket/.m2/repository/org/seleniumhq/selenium/selenium-ie-driver/3.9.1/selenium-ie-driver-3.9.1.jar:/home/sanket/.m2/repository/org/seleniumhq/selenium/selenium-opera-driver/3.9.1/selenium-opera-driver-3.9.1.jar:/home/sanket/.m2/repository/org/seleniumhq/selenium/selenium-remote-driver/3.9.1/selenium-remote-driver-3.9.1.jar:/home/sanket/.m2/repository/org/seleniumhq/selenium/selenium-safari-driver/3.9.1/selenium-safari-driver-3.9.1.jar:/home/sanket/.m2/repository/org/seleniumhq/selenium/selenium-support/3.9.1/selenium-support-3.9.1.jar:/home/sanket/.m2/repository/net/bytebuddy/byte-buddy/1.7.9/byte-buddy-1.7.9.jar:/home/sanket/.m2/repository/org/apache/commons/commons-exec/1.3/commons-exec-1.3.jar:/home/sanket/.m2/repository/commons-codec/commons-codec/1.10/commons-codec-1.10.jar:/home/sanket/.m2/repository/commons-logging/commons-logging/1.2/commons-logging-1.2.jar:/home/sanket/.m2/repository/com/google/code/gson/gson/2.8.2/gson-2.8.2.jar:/home/sanket/.m2/repository/com/google/guava/guava/23.6-jre/guava-23.6-jre.jar:/home/sanket/.m2/repository/com/google/code/findbugs/jsr305/1.3.9/jsr305-1.3.9.jar:/home/sanket/.m2/repository/org/checkerframework/checker-compat-qual/2.0.0/checker-compat-qual-2.0.0.jar:/home/sanket/.m2/repository/com/google/errorprone/error_prone_annotations/2.1.3/error_prone_annotations-2.1.3.jar:/home/sanket/.m2/repository/com/google/j2objc/j2objc-annotations/1.1/j2objc-annotations-1.1.jar:/home/sanket/.m2/repository/org/codehaus/mojo/animal-sniffer-annotations/1.14/animal-sniffer-annotations-1.14.jar:/home/sanket/.m2/repository/org/apache/httpcomponents/httpclient/4.5.3/httpclient-4.5.3.jar:/home/sanket/.m2/repository/org/apache/httpcomponents/httpcore/4.4.6/httpcore-4.4.6.jar:/home/sanket/.m2/repository/com/squareup/okhttp3/okhttp/3.9.1/okhttp-3.9.1.jar:/home/sanket/.m2/repository/com/squareup/okio/okio/1.13.0/okio-1.13.0.jar:/home/sanket/.m2/repository/com/aventstack/extentreports-testng-adapter/1.0.3/extentreports-testng-adapter-1.0.3.jar:/home/sanket/.m2/repository/com/aventstack/extentreports/4.0.6/extentreports-4.0.6.jar:/home/sanket/.m2/repository/org/freemarker/freemarker/2.3.23/freemarker-2.3.23.jar:/home/sanket/.m2/repository/org/mongodb/bson/3.3.0/bson-3.3.0.jar:/home/sanket/.m2/repository/org/apache/httpcomponents/httpmime/4.5.2/httpmime-4.5.2.jar:/home/sanket/.m2/repository/org/mongodb/mongodb-driver/3.3.0/mongodb-driver-3.3.0.jar:/home/sanket/.m2/repository/org/mongodb/mongodb-driver-core/3.3.0/mongodb-driver-core-3.3.0.jar:/home/sanket/.m2/repository/org/testng/testng/6.9.10/testng-6.9.10.jar:/home/sanket/.m2/repository/com/beust/jcommander/1.48/jcommander-1.48.jar:/home/sanket/.m2/repository/org/beanshell/bsh/2.0b4/bsh-2.0b4.jar:/home/sanket/.m2/repository/log4j/log4j/1.2.17/log4j-1.2.17.jar:/home/sanket/.m2/repository/com/googlecode/json-simple/json-simple/1.1/json-simple-1.1.jar:/home/sanket/.m2/repository/org/codehaus/groovy/groovy-all/2.4.5/groovy-all-2.4.5.jar:/home/sanket/.m2/repository/com/browserstack/automate-testassist/1.0.0/automate-testassist-1.0.0.jar:/home/sanket/.m2/repository/javax/xml/bind/jaxb-api/2.3.0/jaxb-api-2.3.0.jar:/home/sanket/.m2/repository/org/apache/maven/surefire/surefire-testng-utils/2.21.0/surefire-testng-utils-2.21.0.jar:/home/sanket/.m2/repository/org/apache/maven/surefire/surefire-grouper/2.21.0/surefire-grouper-2.21.0.jar:"/>
    <property name="java.vm.vendor" value="Private Build"/>
    <property name="sun.arch.data.model" value="64"/>
    <property name="java.vendor.url" value="http://java.oracle.com/"/>
    <property name="user.timezone" value=""/>
    <property name="browserVersion" value="64.0"/>
    <property name="java.vm.specification.version" value="1.8"/>
    <property name="browserName" value="chrome"/>
    <property name="os.name" value="Linux"/>
    <property name="user.country" value="IN"/>
    <property name="sun.java.launcher" value="SUN_STANDARD"/>
    <property name="sun.boot.library.path" value="/usr/lib/jvm/java-8-openjdk-amd64/jre/lib/amd64"/>
    <property name="sun.java.command" value="/home/sanket/Documents/Workspace/briozing/github/aspen-ui-automation/target/surefire/surefirebooter2427219009899272856.jar /home/sanket/Documents/Workspace/briozing/github/aspen-ui-automation/target/surefire 2020-06-09T21-51-58_070-jvmRun1 surefire9164473967657357627tmp surefire_06891135854697931216tmp"/>
    <property name="surefire.test.class.path" value="/home/sanket/Documents/Workspace/briozing/github/aspen-ui-automation/target/test-classes:/home/sanket/Documents/Workspace/briozing/github/aspen-ui-automation/target/classes:/home/sanket/.m2/repository/org/seleniumhq/selenium/selenium-java/3.9.1/selenium-java-3.9.1.jar:/home/sanket/.m2/repository/org/seleniumhq/selenium/selenium-api/3.9.1/selenium-api-3.9.1.jar:/home/sanket/.m2/repository/org/seleniumhq/selenium/selenium-chrome-driver/3.9.1/selenium-chrome-driver-3.9.1.jar:/home/sanket/.m2/repository/org/seleniumhq/selenium/selenium-edge-driver/3.9.1/selenium-edge-driver-3.9.1.jar:/home/sanket/.m2/repository/org/seleniumhq/selenium/selenium-firefox-driver/3.9.1/selenium-firefox-driver-3.9.1.jar:/home/sanket/.m2/repository/org/seleniumhq/selenium/selenium-ie-driver/3.9.1/selenium-ie-driver-3.9.1.jar:/home/sanket/.m2/repository/org/seleniumhq/selenium/selenium-opera-driver/3.9.1/selenium-opera-driver-3.9.1.jar:/home/sanket/.m2/repository/org/seleniumhq/selenium/selenium-remote-driver/3.9.1/selenium-remote-driver-3.9.1.jar:/home/sanket/.m2/repository/org/seleniumhq/selenium/selenium-safari-driver/3.9.1/selenium-safari-driver-3.9.1.jar:/home/sanket/.m2/repository/org/seleniumhq/selenium/selenium-support/3.9.1/selenium-support-3.9.1.jar:/home/sanket/.m2/repository/net/bytebuddy/byte-buddy/1.7.9/byte-buddy-1.7.9.jar:/home/sanket/.m2/repository/org/apache/commons/commons-exec/1.3/commons-exec-1.3.jar:/home/sanket/.m2/repository/commons-codec/commons-codec/1.10/commons-codec-1.10.jar:/home/sanket/.m2/repository/commons-logging/commons-logging/1.2/commons-logging-1.2.jar:/home/sanket/.m2/repository/com/google/code/gson/gson/2.8.2/gson-2.8.2.jar:/home/sanket/.m2/repository/com/google/guava/guava/23.6-jre/guava-23.6-jre.jar:/home/sanket/.m2/repository/com/google/code/findbugs/jsr305/1.3.9/jsr305-1.3.9.jar:/home/sanket/.m2/repository/org/checkerframework/checker-compat-qual/2.0.0/checker-compat-qual-2.0.0.jar:/home/sanket/.m2/repository/com/google/errorprone/error_prone_annotations/2.1.3/error_prone_annotations-2.1.3.jar:/home/sanket/.m2/repository/com/google/j2objc/j2objc-annotations/1.1/j2objc-annotations-1.1.jar:/home/sanket/.m2/repository/org/codehaus/mojo/animal-sniffer-annotations/1.14/animal-sniffer-annotations-1.14.jar:/home/sanket/.m2/repository/org/apache/httpcomponents/httpclient/4.5.3/httpclient-4.5.3.jar:/home/sanket/.m2/repository/org/apache/httpcomponents/httpcore/4.4.6/httpcore-4.4.6.jar:/home/sanket/.m2/repository/com/squareup/okhttp3/okhttp/3.9.1/okhttp-3.9.1.jar:/home/sanket/.m2/repository/com/squareup/okio/okio/1.13.0/okio-1.13.0.jar:/home/sanket/.m2/repository/com/aventstack/extentreports-testng-adapter/1.0.3/extentreports-testng-adapter-1.0.3.jar:/home/sanket/.m2/repository/com/aventstack/extentreports/4.0.6/extentreports-4.0.6.jar:/home/sanket/.m2/repository/org/freemarker/freemarker/2.3.23/freemarker-2.3.23.jar:/home/sanket/.m2/repository/org/mongodb/bson/3.3.0/bson-3.3.0.jar:/home/sanket/.m2/repository/org/apache/httpcomponents/httpmime/4.5.2/httpmime-4.5.2.jar:/home/sanket/.m2/repository/org/mongodb/mongodb-driver/3.3.0/mongodb-driver-3.3.0.jar:/home/sanket/.m2/repository/org/mongodb/mongodb-driver-core/3.3.0/mongodb-driver-core-3.3.0.jar:/home/sanket/.m2/repository/org/testng/testng/6.9.10/testng-6.9.10.jar:/home/sanket/.m2/repository/com/beust/jcommander/1.48/jcommander-1.48.jar:/home/sanket/.m2/repository/org/beanshell/bsh/2.0b4/bsh-2.0b4.jar:/home/sanket/.m2/repository/log4j/log4j/1.2.17/log4j-1.2.17.jar:/home/sanket/.m2/repository/com/googlecode/json-simple/json-simple/1.1/json-simple-1.1.jar:/home/sanket/.m2/repository/org/codehaus/groovy/groovy-all/2.4.5/groovy-all-2.4.5.jar:/home/sanket/.m2/repository/com/browserstack/automate-testassist/1.0.0/automate-testassist-1.0.0.jar:/home/sanket/.m2/repository/javax/xml/bind/jaxb-api/2.3.0/jaxb-api-2.3.0.jar:/home/sanket/.m2/repository/org/apache/maven/surefire/surefire-testng-utils/2.21.0/surefire-testng-utils-2.21.0.jar:/home/sanket/.m2/repository/org/apache/maven/surefire/surefire-grouper/2.21.0/surefire-grouper-2.21.0.jar:"/>
    <property name="sun.cpu.endian" value="little"/>
    <property name="user.home" value="/home/sanket"/>
    <property name="user.language" value="en"/>
    <property name="java.specification.vendor" value="Oracle Corporation"/>
    <property name="java.home" value="/usr/lib/jvm/java-8-openjdk-amd64/jre"/>
    <property name="basedir" value="/home/sanket/Documents/Workspace/briozing/github/aspen-ui-automation"/>
    <property name="file.separator" value="/"/>
    <property name="line.separator" value="&#10;"/>
    <property name="java.vm.specification.vendor" value="Oracle Corporation"/>
    <property name="java.specification.name" value="Java Platform API Specification"/>
    <property name="envName" value="local"/>
    <property name="java.awt.graphicsenv" value="sun.awt.X11GraphicsEnvironment"/>
    <property name="surefire.real.class.path" value="/home/sanket/Documents/Workspace/briozing/github/aspen-ui-automation/target/surefire/surefirebooter2427219009899272856.jar"/>
    <property name="sun.boot.class.path" value="/usr/lib/jvm/java-8-openjdk-amd64/jre/lib/resources.jar:/usr/lib/jvm/java-8-openjdk-amd64/jre/lib/rt.jar:/usr/lib/jvm/java-8-openjdk-amd64/jre/lib/sunrsasign.jar:/usr/lib/jvm/java-8-openjdk-amd64/jre/lib/jsse.jar:/usr/lib/jvm/java-8-openjdk-amd64/jre/lib/jce.jar:/usr/lib/jvm/java-8-openjdk-amd64/jre/lib/charsets.jar:/usr/lib/jvm/java-8-openjdk-amd64/jre/lib/jfr.jar:/usr/lib/jvm/java-8-openjdk-amd64/jre/classes"/>
    <property name="sun.management.compiler" value="HotSpot 64-Bit Tiered Compilers"/>
    <property name="java.runtime.version" value="1.8.0_252-8u252-b09-1~19.10-b09"/>
    <property name="user.name" value="sanket"/>
    <property name="path.separator" value=":"/>
    <property name="os.version" value="5.3.0-55-generic"/>
    <property name="java.endorsed.dirs" value="/usr/lib/jvm/java-8-openjdk-amd64/jre/lib/endorsed"/>
    <property name="java.runtime.name" value="OpenJDK Runtime Environment"/>
    <property name="file.encoding" value="UTF-8"/>
    <property name="browser" value="chrome"/>
    <property name="java.vm.name" value="OpenJDK 64-Bit Server VM"/>
    <property name="localRepository" value="/home/sanket/.m2/repository"/>
    <property name="java.vendor.url.bug" value="http://bugreport.sun.com/bugreport/"/>
    <property name="java.io.tmpdir" value="/tmp"/>
    <property name="buildName" value="UIRegression"/>
    <property name="java.version" value="1.8.0_252"/>
    <property name="user.dir" value="/home/sanket/Documents/Workspace/briozing/github/aspen-ui-automation"/>
    <property name="os.arch" value="amd64"/>
    <property name="groups" value="CheckBalance1"/>
    <property name="java.vm.specification.name" value="Java Virtual Machine Specification"/>
    <property name="java.awt.printerjob" value="sun.print.PSPrinterJob"/>
    <property name="sun.os.patch.level" value="unknown"/>
    <property name="java.library.path" value="/usr/java/packages/lib/amd64:/usr/lib/x86_64-linux-gnu/jni:/lib/x86_64-linux-gnu:/usr/lib/x86_64-linux-gnu:/usr/lib/jni:/lib:/usr/lib"/>
    <property name="java.vm.info" value="mixed mode"/>
    <property name="java.vendor" value="Private Build"/>
    <property name="java.vm.version" value="25.252-b09"/>
    <property name="java.ext.dirs" value="/usr/lib/jvm/java-8-openjdk-amd64/jre/lib/ext:/usr/java/packages/lib/ext"/>
    <property name="sun.io.unicode.encoding" value="UnicodeLittle"/>
    <property name="java.class.version" value="52.0"/>
  </properties>
  <testcase name="verify_check_balance_1" classname="com.briozing.automation.suites.UITests" time="14.544">
    <failure message="no such element: Unable to locate element: {&quot;method&quot;:&quot;xpath&quot;,&quot;selector&quot;:&quot;//button[contains(@class,&apos;chat-bubble-button1&apos;)]&quot;}&#10;  (Session info: chrome=83.0.4103.61)&#10;For documentation on this error, please visit: http://seleniumhq.org/exceptions/no_such_element.html&#10;Build info: version: &apos;3.9.1&apos;, revision: &apos;63f7b50&apos;, time: &apos;2018-02-07T22:25:02.294Z&apos;&#10;System info: host: &apos;work-machine&apos;, ip: &apos;127.0.1.1&apos;, os.name: &apos;Linux&apos;, os.arch: &apos;amd64&apos;, os.version: &apos;5.3.0-55-generic&apos;, java.version: &apos;1.8.0_252&apos;&#10;Driver info: org.openqa.selenium.chrome.ChromeDriver&#10;Capabilities {acceptInsecureCerts: false, browserName: chrome, browserVersion: 83.0.4103.61, chrome: {chromedriverVersion: 83.0.4103.39 (ccbf011cb2d2b..., userDataDir: /tmp/.com.google.Chrome.H3i8Oy}, goog:chromeOptions: {debuggerAddress: localhost:37015}, javascriptEnabled: true, networkConnectionEnabled: false, pageLoadStrategy: normal, platform: LINUX, platformName: LINUX, proxy: Proxy(), setWindowRect: true, strictFileInteractability: false, timeouts: {implicit: 0, pageLoad: 300000, script: 30000}, unhandledPromptBehavior: dismiss and notify, webauthn:virtualAuthenticators: true}&#10;Session ID: 5a822ddfa94a125e1ed4355b1c98deda&#10;*** Element info: {Using=xpath, value=//button[contains(@class,&apos;chat-bubble-button1&apos;)]} expected [true] but found [false]" type="java.lang.AssertionError">java.lang.AssertionError: 
no such element: Unable to locate element: {"method":"xpath","selector":"//button[contains(@class,'chat-bubble-button1')]"}
  (Session info: chrome=83.0.4103.61)
For documentation on this error, please visit: http://seleniumhq.org/exceptions/no_such_element.html
Build info: version: '3.9.1', revision: '63f7b50', time: '2018-02-07T22:25:02.294Z'
System info: host: 'work-machine', ip: '127.0.1.1', os.name: 'Linux', os.arch: 'amd64', os.version: '5.3.0-55-generic', java.version: '1.8.0_252'
Driver info: org.openqa.selenium.chrome.ChromeDriver
Capabilities {acceptInsecureCerts: false, browserName: chrome, browserVersion: 83.0.4103.61, chrome: {chromedriverVersion: 83.0.4103.39 (ccbf011cb2d2b..., userDataDir: /tmp/.com.google.Chrome.H3i8Oy}, goog:chromeOptions: {debuggerAddress: localhost:37015}, javascriptEnabled: true, networkConnectionEnabled: false, pageLoadStrategy: normal, platform: LINUX, platformName: LINUX, proxy: Proxy(), setWindowRect: true, strictFileInteractability: false, timeouts: {implicit: 0, pageLoad: 300000, script: 30000}, unhandledPromptBehavior: dismiss and notify, webauthn:virtualAuthenticators: true}
Session ID: 5a822ddfa94a125e1ed4355b1c98deda
*** Element info: {Using=xpath, value=//button[contains(@class,'chat-bubble-button1')]} expected [true] but found [false]
	at com.briozing.automation.suites.UITests.verify_check_balance_1(UITests.java:36)
</failure>
    <system-out><![CDATA[========== LOG4j Created Automation Log============
========== LOG4j Created BaseTest============
========== LOG4j Created UITests============
========== LOG4j Created UITests============
========== LOG4j Created ValidationHelper============
========== LOG4j Created MethodListener============
INFO  MethodListener  - ==========================================================================================
INFO  MethodListener  - ::::::: START TEST : init :::::::::
INFO  MethodListener  - ==========================================================================================
INFO  UITests  - ====== SettingUp Suite Execution ======
========== LOG4j Created AssertLogger============
========== LOG4j Created AssertLogger============
INFO  AssertLogger  - Verify not null Condition :[true]
INFO  AssertLogger  - Verify not null Condition :[true]
INFO  AssertLogger  -  Verify value of key portal.url should not null Condition :[true]
INFO  MethodListener  - Result: Passed
INFO  MethodListener  - ==========================================================================================
INFO  MethodListener  - ::::::: END TEST : init :::::::::
INFO  MethodListener  - ==========================================================================================
INFO  MethodListener  - ==========================================================================================
INFO  MethodListener  - ::::::: START TEST : verify_check_balance_1 :::::::::
INFO  MethodListener  - ==========================================================================================
ERROR UITests  - no such element: Unable to locate element: {"method":"xpath","selector":"//button[contains(@class,'chat-bubble-button1')]"}
  (Session info: chrome=83.0.4103.61)
For documentation on this error, please visit: http://seleniumhq.org/exceptions/no_such_element.html
Build info: version: '3.9.1', revision: '63f7b50', time: '2018-02-07T22:25:02.294Z'
System info: host: 'work-machine', ip: '127.0.1.1', os.name: 'Linux', os.arch: 'amd64', os.version: '5.3.0-55-generic', java.version: '1.8.0_252'
Driver info: org.openqa.selenium.chrome.ChromeDriver
Capabilities {acceptInsecureCerts: false, browserName: chrome, browserVersion: 83.0.4103.61, chrome: {chromedriverVersion: 83.0.4103.39 (ccbf011cb2d2b..., userDataDir: /tmp/.com.google.Chrome.H3i8Oy}, goog:chromeOptions: {debuggerAddress: localhost:37015}, javascriptEnabled: true, networkConnectionEnabled: false, pageLoadStrategy: normal, platform: LINUX, platformName: LINUX, proxy: Proxy(), setWindowRect: true, strictFileInteractability: false, timeouts: {implicit: 0, pageLoad: 300000, script: 30000}, unhandledPromptBehavior: dismiss and notify, webauthn:virtualAuthenticators: true}
Session ID: 5a822ddfa94a125e1ed4355b1c98deda
*** Element info: {Using=xpath, value=//button[contains(@class,'chat-bubble-button1')]}
INFO  AssertLogger  - no such element: Unable to locate element: {"method":"xpath","selector":"//button[contains(@class,'chat-bubble-button1')]"}
  (Session info: chrome=83.0.4103.61)
For documentation on this error, please visit: http://seleniumhq.org/exceptions/no_such_element.html
Build info: version: '3.9.1', revision: '63f7b50', time: '2018-02-07T22:25:02.294Z'
System info: host: 'work-machine', ip: '127.0.1.1', os.name: 'Linux', os.arch: 'amd64', os.version: '5.3.0-55-generic', java.version: '1.8.0_252'
Driver info: org.openqa.selenium.chrome.ChromeDriver
Capabilities {acceptInsecureCerts: false, browserName: chrome, browserVersion: 83.0.4103.61, chrome: {chromedriverVersion: 83.0.4103.39 (ccbf011cb2d2b..., userDataDir: /tmp/.com.google.Chrome.H3i8Oy}, goog:chromeOptions: {debuggerAddress: localhost:37015}, javascriptEnabled: true, networkConnectionEnabled: false, pageLoadStrategy: normal, platform: LINUX, platformName: LINUX, proxy: Proxy(), setWindowRect: true, strictFileInteractability: false, timeouts: {implicit: 0, pageLoad: 300000, script: 30000}, unhandledPromptBehavior: dismiss and notify, webauthn:virtualAuthenticators: true}
Session ID: 5a822ddfa94a125e1ed4355b1c98deda
*** Element info: {Using=xpath, value=//button[contains(@class,'chat-bubble-button1')]} Condition :[false]
INFO  MethodListener  - Result: Failed
INFO  MethodListener  - ==========================================================================================
INFO  MethodListener  - ::::::: END TEST : verify_check_balance_1 :::::::::
INFO  MethodListener  - ==========================================================================================
]]></system-out>
    <system-err><![CDATA[Jun 09, 2020 9:51:58 PM org.openqa.selenium.remote.DesiredCapabilities chrome
INFO: Using `new ChromeOptions()` is preferred to `DesiredCapabilities.chrome()`
Starting ChromeDriver 83.0.4103.39 (ccbf011cb2d2b19b506d844400483861342c20cd-refs/branch-heads/4103@{#416}) on port 17928
Only local connections are allowed.
Please see https://chromedriver.chromium.org/security-considerations for suggestions on keeping ChromeDriver safe.
ChromeDriver was started successfully.
Jun 09, 2020 9:51:59 PM org.openqa.selenium.remote.ProtocolHandshake createSession
INFO: Detected dialect: W3C
]]></system-err>
  </testcase>
</testsuite>